<?xml version="1.0" encoding="UTF-8" standalone="no"?><testsuites><testsuite errors="0" failures="0" hostname="emulator-5554_Nexus4_unknown_sdk" name="com.test.cybage.tests" tests="2" time="0.0720" timestamp="Fri Jun 21 13:30:03 GMT+05:30 2013"><properties><property name="java.runtime.name" value="Java(TM) SE Runtime Environment"/><property name="sun.boot.library.path" value="/System/Library/Java/JavaVirtualMachines/1.6.0.jdk/Contents/Libraries"/><property name="java.vm.version" value="20.45-b01-451"/><property name="awt.nativeDoubleBuffering" value="true"/><property name="gopherProxySet" value="false"/><property name="mrj.build" value="11M4406"/><property name="java.vm.vendor" value="Apple Inc."/><property name="java.vendor.url" value="http://www.apple.com/"/><property name="guice.disable.misplaced.annotation.check" value="true"/><property name="path.separator" value=":"/><property name="java.vm.name" value="Java HotSpot(TM) 64-Bit Server VM"/><property name="file.encoding.pkg" value="sun.io"/><property name="sun.java.launcher" value="SUN_STANDARD"/><property name="user.country" value="US"/><property name="sun.os.patch.level" value="unknown"/><property name="java.vm.specification.name" value="Java Virtual Machine Specification"/><property name="user.dir" value="/Users/sumanta/Desktop/Test-parent"/><property name="java.runtime.version" value="1.6.0_45-b06-451-11M4406"/><property name="java.awt.graphicsenv" value="apple.awt.CGraphicsEnvironment"/><property name="java.endorsed.dirs" value="/System/Library/Java/JavaVirtualMachines/1.6.0.jdk/Contents/Home/lib/endorsed"/><property name="os.arch" value="x86_64"/><property name="java.io.tmpdir" value="/var/folders/rb/6c86v7ss7ts_hbyw67bpwz900000gp/T/"/><property name="line.separator" value="&#10;"/><property name="java.vm.specification.vendor" value="Sun Microsystems Inc."/><property name="os.name" value="Mac OS X"/><property name="classworlds.conf" value="/usr/share/maven/bin/m2.conf"/><property name="sun.jnu.encoding" value="MacRoman"/><property name="java.library.path" value=".:/Library/Java/Extensions:/System/Library/Java/Extensions:/usr/lib/java"/><property name="java.specification.name" value="Java Platform API Specification"/><property name="java.class.version" value="50.0"/><property name="sun.management.compiler" value="HotSpot 64-Bit Tiered Compilers"/><property name="os.version" value="10.8.4"/><property name="http.nonProxyHosts" value="local|*.local|169.254/16|*.169.254/16"/><property name="user.home" value="/Users/sumanta"/><property name="user.timezone" value="GMT+05:30"/><property name="java.awt.printerjob" value="apple.awt.CPrinterJob"/><property name="file.encoding" value="MacRoman"/><property name="java.specification.version" value="1.6"/><property name="java.class.path" value="/usr/share/maven/boot/plexus-classworlds-2.4.jar"/><property name="user.name" value="sumanta"/><property name="java.vm.specification.version" value="1.0"/><property name="sun.java.command" value="org.codehaus.plexus.classworlds.launcher.Launcher clean install"/><property name="java.home" value="/System/Library/Java/JavaVirtualMachines/1.6.0.jdk/Contents/Home"/><property name="sun.arch.data.model" value="64"/><property name="user.language" value="en"/><property name="java.specification.vendor" value="Sun Microsystems Inc."/><property name="awt.toolkit" value="apple.awt.CToolkit"/><property name="java.vm.info" value="mixed mode"/><property name="java.version" value="1.6.0_45"/><property name="java.ext.dirs" value="/Library/Java/Extensions:/System/Library/Java/Extensions:/System/Library/Java/JavaVirtualMachines/1.6.0.jdk/Contents/Home/lib/ext"/><property name="sun.boot.class.path" value="/System/Library/Java/JavaVirtualMachines/1.6.0.jdk/Contents/Classes/jsfd.jar:/System/Library/Java/JavaVirtualMachines/1.6.0.jdk/Contents/Classes/classes.jar:/System/Library/Frameworks/JavaVM.framework/Frameworks/JavaRuntimeSupport.framework/Resources/Java/JavaRuntimeSupport.jar:/System/Library/Java/JavaVirtualMachines/1.6.0.jdk/Contents/Classes/ui.jar:/System/Library/Java/JavaVirtualMachines/1.6.0.jdk/Contents/Classes/laf.jar:/System/Library/Java/JavaVirtualMachines/1.6.0.jdk/Contents/Classes/sunrsasign.jar:/System/Library/Java/JavaVirtualMachines/1.6.0.jdk/Contents/Classes/jsse.jar:/System/Library/Java/JavaVirtualMachines/1.6.0.jdk/Contents/Classes/jce.jar:/System/Library/Java/JavaVirtualMachines/1.6.0.jdk/Contents/Classes/charsets.jar"/><property name="java.vendor" value="Apple Inc."/><property name="maven.home" value="/usr/share/maven"/><property name="file.separator" value="/"/><property name="java.vendor.url.bug" value="http://bugreport.apple.com/"/><property name="sun.io.unicode.encoding" value="UnicodeLittle"/><property name="sun.cpu.endian" value="little"/><property name="mrj.version" value="1070.1.6.0_45-451"/><property name="socksNonProxyHosts" value="local|*.local|169.254/16|*.169.254/16"/><property name="ftp.nonProxyHosts" value="local|*.local|169.254/16|*.169.254/16"/><property name="sun.cpu.isalist" value=""/><property name="ro.product.manufacturer" value="unknown"/><property name="net.tcp.buffersize.hsupa" value="4094,87380,262144,4096,16384,262144"/><property name="ro.kernel.ndns" value="2"/><property name="ro.debuggable" value="1"/><property name="persist.sys.usb.config" value="adb"/><property name="init.svc.debuggerd" value="running"/><property name="persist.sys.profiler_ms" value="0"/><property name="init.svc.ueventd" value="running"/><property name="system_init.startsurfaceflinger" value="0"/><property name="ro.product.model" value="sdk"/><property name="persist.sys.language" value="en"/><property name="ro.factorytest" value="0"/><property name="ro.build.fingerprint" value="generic/sdk/generic:4.2.2/JB_MR1.1/576024:eng/test-keys"/><property name="service.bootanim.exit" value="0"/><property name="ro.build.product" value="generic"/><property name="ro.bootloader" value="unknown"/><property name="init.svc.vold" value="running"/><property name="ro.setupwizard.mode" value="EMULATOR"/><property name="qemu.hw.mainkeys" value="0"/><property name="net.bt.name" value="Android"/><property name="ro.build.version.sdk" value="17"/><property name="sys.usb.config" value="adb"/><property name="net.eth0.dns1" value="10.0.2.3"/><property name="net.eth0.dns2" value="10.0.2.4"/><property name="init.svc.qemu-props" value="stopped"/><property name="ro.bootmode" value="unknown"/><property name="ro.baseband" value="unknown"/><property name="ro.build.host" value="wpee3.hot.corp.google.com"/><property name="ARGH" value="ARGH"/><property name="ro.build.display.id" value="sdk-eng 4.2.2 JB_MR1.1 576024 test-keys"/><property name="ro.revision" value="0"/><property name="init.svc.qemud" value="running"/><property name="ro.kernel.android.qemud" value="ttyS1"/><property name="ro.product.locale.region" value="US"/><property name="persist.sys.timezone" value="GMT"/><property name="net.eth0.gw" value="10.0.2.2"/><property name="ro.allow.mock.location" value="1"/><property name="net.tcp.buffersize.evdo" value="4094,87380,262144,4096,16384,262144"/><property name="net.tcp.buffersize.wifi" value="524288,1048576,2097152,262144,524288,1048576"/><property name="ro.kernel.qemu.gles" value="1"/><property name="net.tcp.buffersize.hsdpa" value="4094,87380,262144,4096,16384,262144"/><property name="persist.sys.localevar" value=""/><property name="ro.product.brand" value="generic"/><property name="ro.config.notification_sound" value="OnTheHunt.ogg"/><property name="ro.board.platform" value=""/><property name="ro.build.date.utc" value="1360768853"/><property name="ro.com.google.locationfeatures" value="1"/><property name="ro.product.device" value="generic"/><property name="ro.product.locale.language" value="en"/><property name="qemu.sf.lcd_density" value="320"/><property name="init.svc.keystore" value="running"/><property name="ro.hardware" value="goldfish"/><property name="status.battery.level" value="5"/><property name="status.battery.level_scale" value="9"/><property name="init.svc.netd" value="running"/><property name="xmpp.auto-presence" value="true"/><property name="ro.build.characteristics" value="default"/><property name="ro.kernel.console" value="ttyS0"/><property name="ro.build.id" value="JB_MR1.1"/><property name="net.tcp.buffersize.hspap" value="4094,87380,1220608,4096,16384,1220608"/><property name="ro.radio.use-ppp" value="no"/><property name="net.tcp.buffersize.lte" value="524288,1048576,2097152,262144,524288,1048576"/><property name="net.tcp.buffersize.umts" value="4094,87380,110208,4096,16384,110208"/><property name="net.tcp.buffersize.default" value="4096,87380,110208,4096,16384,110208"/><property name="net.gprs.local-ip" value="10.0.2.15"/><property name="sys.usb.state" value="adb"/><property name="rild.libpath" value="/system/lib/libreference-ril.so"/><property name="net.change" value="net.eth0.dns2"/><property name="ro.product.name" value="sdk"/><property name="ro.build.tags" value="test-keys"/><property name="ro.config.alarm_alert" value="Alarm_Classic.ogg"/><property name="status.battery.level_raw" value="50"/><property name="init.svc.goldfish-logcat" value="stopped"/><property name="init.svc.drm" value="running"/><property name="ro.product.board" value=""/><property name="init.svc.media" value="running"/><property name="ro.build.description" value="sdk-eng 4.2.2 JB_MR1.1 576024 test-keys"/><property name="ro.build.version.codename" value="REL"/><property name="ro.config.nocheckin" value="yes"/><property name="rild.libargs" value="-d /dev/ttyS0"/><property name="ro.product.cpu.abi" value="armeabi-v7a"/><property name="ro.kernel.android.checkjni" value="1"/><property name="qemu.sf.fake_camera" value="none"/><property name="init.svc.bootanim" value="running"/><property name="dalvik.vm.heapsize" value="64m"/><property name="dalvik.vm.stack-trace-file" value="/data/anr/traces.txt"/><property name="net.tcp.buffersize.edge" value="4093,26280,35040,4096,16384,35040"/><property name="init.svc.surfaceflinger" value="running"/><property name="ro.serialno" value=""/><property name="persist.sys.country" value="US"/><property name="net.tcp.buffersize.gprs" value="4092,8760,11680,4096,8760,11680"/><property name="ro.build.date" value="Wed Feb 13 15:20:53 UTC 2013"/><property name="ro.build.version.release" value="4.2.2"/><property name="init.svc.console" value="running"/><property name="ro.product.cpu.abi2" value="armeabi"/><property name="net.tcp.buffersize.hspa" value="4094,87380,262144,4096,16384,262144"/><property name="init.svc.zygote" value="running"/><property name="init.svc.servicemanager" value="running"/><property name="ro.build.user" value="android-build"/><property name="init.svc.installd" value="running"/><property name="ro.kernel.qemu" value="1"/><property name="ro.build.type" value="eng"/><property name="ro.secure" value="0"/><property name="ro.wifi.channels" value=""/><property name="ro.build.version.incremental" value="576024"/><property name="init.svc.adbd" value="restarting"/><property name="init.svc.goldfish-setup" value="stopped"/><property name="status.battery.state" value="Slow"/><property name="init.svc.ril-daemon" value="running"/></properties><testcase classname="com.test.cybage.tests.StringUtilityTest" name="testAndroidTestCaseSetupProperly" time="0.0260"/><testcase classname="com.test.cybage.tests.StringUtilityTest" name="testUtilityConvertInt1" time="0.0260"/></testsuite></testsuites>